<?xml version="1.0" encoding="UTF-8"?>
<testng-results skipped="0" failed="0" total="1" passed="1">
  <reporter-output>
  </reporter-output>
  <suite name="regression" duration-ms="12424" started-at="2017-05-08T08:06:02Z" finished-at="2017-05-08T08:06:15Z">
    <groups>
      <group name="login">
        <method signature="LoginTests.loginTests()[pri:0, instance:com.tests.LoginTests@553f17c]" name="loginTests" class="com.tests.LoginTests"/>
      </group> <!-- login -->
    </groups>
    <test name="sample" duration-ms="12424" started-at="2017-05-08T08:06:02Z" finished-at="2017-05-08T08:06:15Z">
      <class name="com.tests.LoginTests">
        <test-method status="PASS" signature="begin()[pri:0, instance:com.tests.LoginTests@553f17c]" name="begin" is-config="true" duration-ms="11" started-at="2017-05-08T13:36:02Z" finished-at="2017-05-08T13:36:02Z">
          <reporter-output>
          </reporter-output>
        </test-method> <!-- begin -->
        <test-method status="PASS" signature="setup(java.lang.String)[pri:0, instance:com.tests.LoginTests@553f17c]" name="setup" is-config="true" duration-ms="6163" started-at="2017-05-08T13:36:02Z" finished-at="2017-05-08T13:36:08Z">
          <params>
            <param index="0">
              <value>
                <![CDATA[chrome]]>
              </value>
            </param>
          </params>
          <reporter-output>
          </reporter-output>
        </test-method> <!-- setup -->
        <test-method status="PASS" signature="loginTests()[pri:0, instance:com.tests.LoginTests@553f17c]" name="loginTests" duration-ms="5300" started-at="2017-05-08T13:36:08Z" finished-at="2017-05-08T13:36:14Z">
          <reporter-output>
          </reporter-output>
        </test-method> <!-- loginTests -->
        <test-method status="PASS" signature="tearDown()[pri:0, instance:com.tests.LoginTests@553f17c]" name="tearDown" is-config="true" duration-ms="932" started-at="2017-05-08T13:36:14Z" finished-at="2017-05-08T13:36:15Z">
          <reporter-output>
          </reporter-output>
        </test-method> <!-- tearDown -->
      </class> <!-- com.tests.LoginTests -->
    </test> <!-- sample -->
  </suite> <!-- regression -->
</testng-results>
